mode: set
github.com/consumer-order-prediction/service/order.go:27.120,33.32 4 1
github.com/consumer-order-prediction/service/order.go:43.2,44.16 2 1
github.com/consumer-order-prediction/service/order.go:50.2,60.16 3 1
github.com/consumer-order-prediction/service/order.go:66.2,70.16 2 1
github.com/consumer-order-prediction/service/order.go:33.32,41.3 2 1
github.com/consumer-order-prediction/service/order.go:44.16,48.3 1 0
github.com/consumer-order-prediction/service/order.go:60.16,64.3 1 0
github.com/consumer-order-prediction/service/order.go:73.138,80.16 4 1
github.com/consumer-order-prediction/service/order.go:84.2,86.16 2 1
github.com/consumer-order-prediction/service/order.go:91.2,94.16 3 1
github.com/consumer-order-prediction/service/order.go:99.2,101.34 2 1
github.com/consumer-order-prediction/service/order.go:112.2,121.17 2 1
github.com/consumer-order-prediction/service/order.go:80.16,82.3 1 0
github.com/consumer-order-prediction/service/order.go:86.16,89.3 1 0
github.com/consumer-order-prediction/service/order.go:94.16,97.3 1 0
github.com/consumer-order-prediction/service/order.go:101.34,109.3 2 0
github.com/consumer-order-prediction/service/order.go:125.123,133.16 6 0
github.com/consumer-order-prediction/service/order.go:138.2,140.16 2 0
github.com/consumer-order-prediction/service/order.go:145.2,148.34 3 0
github.com/consumer-order-prediction/service/order.go:156.2,157.35 2 0
github.com/consumer-order-prediction/service/order.go:164.2,170.7 3 0
github.com/consumer-order-prediction/service/order.go:133.16,136.3 1 0
github.com/consumer-order-prediction/service/order.go:140.16,143.3 1 0
github.com/consumer-order-prediction/service/order.go:148.34,149.28 1 0
github.com/consumer-order-prediction/service/order.go:149.28,152.9 3 0
github.com/consumer-order-prediction/service/order.go:157.35,158.24 1 0
github.com/consumer-order-prediction/service/order.go:158.24,161.4 2 0
github.com/consumer-order-prediction/service/order.go:174.123,180.16 4 1
github.com/consumer-order-prediction/service/order.go:185.2,187.7 1 1
github.com/consumer-order-prediction/service/order.go:180.16,183.3 1 0
github.com/consumer-order-prediction/service/restaurant.go:25.139,31.35 4 0
github.com/consumer-order-prediction/service/restaurant.go:40.2,49.16 3 0
github.com/consumer-order-prediction/service/restaurant.go:55.2,59.16 2 0
github.com/consumer-order-prediction/service/restaurant.go:31.35,38.3 2 0
github.com/consumer-order-prediction/service/restaurant.go:49.16,53.3 1 0
github.com/consumer-order-prediction/service/restaurant.go:62.148,65.16 2 0
github.com/consumer-order-prediction/service/restaurant.go:70.2,72.7 1 0
github.com/consumer-order-prediction/service/restaurant.go:65.16,68.3 1 0
github.com/consumer-order-prediction/service/restaurant.go:75.163,81.16 3 0
github.com/consumer-order-prediction/service/restaurant.go:85.2,87.40 2 0
github.com/consumer-order-prediction/service/restaurant.go:97.2,105.17 2 0
github.com/consumer-order-prediction/service/restaurant.go:81.16,83.3 1 0
github.com/consumer-order-prediction/service/restaurant.go:87.40,94.3 2 0
github.com/consumer-order-prediction/service/restaurant.go:109.151,112.13 2 0
github.com/consumer-order-prediction/service/restaurant.go:116.2,118.13 2 0
github.com/consumer-order-prediction/service/restaurant.go:122.2,132.13 4 0
github.com/consumer-order-prediction/service/restaurant.go:136.2,138.7 1 0
github.com/consumer-order-prediction/service/restaurant.go:112.13,114.3 1 0
github.com/consumer-order-prediction/service/restaurant.go:118.13,120.3 1 0
github.com/consumer-order-prediction/service/restaurant.go:132.13,134.3 1 0
github.com/consumer-order-prediction/service/restaurant.go:141.160,144.13 2 0
github.com/consumer-order-prediction/service/restaurant.go:149.2,156.37 3 0
github.com/consumer-order-prediction/service/restaurant.go:163.2,163.17 1 0
github.com/consumer-order-prediction/service/restaurant.go:167.2,169.13 2 0
github.com/consumer-order-prediction/service/restaurant.go:173.2,175.7 1 0
github.com/consumer-order-prediction/service/restaurant.go:144.13,148.3 1 0
github.com/consumer-order-prediction/service/restaurant.go:156.37,157.29 1 0
github.com/consumer-order-prediction/service/restaurant.go:157.29,160.9 3 0
github.com/consumer-order-prediction/service/restaurant.go:163.17,165.3 1 0
github.com/consumer-order-prediction/service/restaurant.go:169.13,171.3 1 0
github.com/consumer-order-prediction/service/restaurant.go:178.130,181.13 2 0
github.com/consumer-order-prediction/service/restaurant.go:185.2,187.37 3 0
github.com/consumer-order-prediction/service/restaurant.go:195.2,195.18 1 0
github.com/consumer-order-prediction/service/restaurant.go:200.2,204.13 3 0
github.com/consumer-order-prediction/service/restaurant.go:208.2,210.7 1 0
github.com/consumer-order-prediction/service/restaurant.go:181.13,183.3 1 0
github.com/consumer-order-prediction/service/restaurant.go:187.37,188.31 1 0
github.com/consumer-order-prediction/service/restaurant.go:188.31,191.9 3 0
github.com/consumer-order-prediction/service/restaurant.go:195.18,199.3 1 0
github.com/consumer-order-prediction/service/restaurant.go:204.13,206.3 1 0
github.com/consumer-order-prediction/service/restaurant.go:213.133,217.14 2 0
github.com/consumer-order-prediction/service/restaurant.go:223.2,225.40 2 0
github.com/consumer-order-prediction/service/restaurant.go:234.2,236.7 1 0
github.com/consumer-order-prediction/service/restaurant.go:217.14,221.3 1 0
github.com/consumer-order-prediction/service/restaurant.go:225.40,232.3 2 0
github.com/consumer-order-prediction/service/restaurant.go:240.145,244.16 2 0
github.com/consumer-order-prediction/service/restaurant.go:248.2,249.37 2 0
github.com/consumer-order-prediction/service/restaurant.go:256.2,263.7 2 0
github.com/consumer-order-prediction/service/restaurant.go:244.16,246.3 1 0
github.com/consumer-order-prediction/service/restaurant.go:249.37,250.29 1 0
github.com/consumer-order-prediction/service/restaurant.go:250.29,252.9 2 0
github.com/consumer-order-prediction/service/restaurant.go:266.60,270.16 2 0
github.com/consumer-order-prediction/service/restaurant.go:274.2,276.16 2 0
github.com/consumer-order-prediction/service/restaurant.go:280.2,283.16 3 0
github.com/consumer-order-prediction/service/restaurant.go:287.2,287.23 1 0
github.com/consumer-order-prediction/service/restaurant.go:270.16,272.3 1 0
github.com/consumer-order-prediction/service/restaurant.go:276.16,278.3 1 0
github.com/consumer-order-prediction/service/restaurant.go:283.16,285.3 1 0
github.com/consumer-order-prediction/service/restaurant.go:290.51,295.2 2 0
github.com/consumer-order-prediction/service/customer.go:18.129,22.16 3 0
github.com/consumer-order-prediction/service/customer.go:27.2,35.16 3 0
github.com/consumer-order-prediction/service/customer.go:40.2,43.16 2 0
github.com/consumer-order-prediction/service/customer.go:22.16,26.3 1 0
github.com/consumer-order-prediction/service/customer.go:35.16,39.3 1 0
github.com/consumer-order-prediction/service/customer.go:45.153,51.16 3 0
github.com/consumer-order-prediction/service/customer.go:55.2,57.16 2 0
github.com/consumer-order-prediction/service/customer.go:62.2,65.16 3 0
github.com/consumer-order-prediction/service/customer.go:71.2,79.17 2 0
github.com/consumer-order-prediction/service/customer.go:51.16,53.3 1 0
github.com/consumer-order-prediction/service/customer.go:57.16,60.3 1 0
github.com/consumer-order-prediction/service/customer.go:65.16,68.3 1 0
github.com/consumer-order-prediction/service/customer.go:82.138,85.16 2 0
github.com/consumer-order-prediction/service/customer.go:90.2,92.7 1 0
github.com/consumer-order-prediction/service/customer.go:85.16,88.3 1 0
